[    0.000000] Linux version 4.15.0-106-generic (buildd@lcy01-amd64-016) (gcc version 7.5.0 (Ubuntu 7.5.0-3ubuntu1~18.04)) #107-Ubuntu SMP Thu Jun 4 11:27:52 UTC 2020 (Ubuntu 4.15.0-106.107-generic 4.15.18)
[    0.000000] Command line: BOOT_IMAGE=/boot/vmlinuz-4.15.0-106-generic root=LABEL=cloudimg-rootfs ro console=tty1 console=ttyS0
[    0.000000] KERNEL supported cpus:
[    0.000000]   Intel GenuineIntel
[    0.000000]   AMD AuthenticAMD
[    0.000000]   Centaur CentaurHauls
[    0.000000] x86/fpu: Supporting XSAVE feature 0x001: 'x87 floating point registers'
[    0.000000] x86/fpu: Supporting XSAVE feature 0x002: 'SSE registers'
[    0.000000] x86/fpu: Supporting XSAVE feature 0x004: 'AVX registers'
[    0.000000] x86/fpu: xstate_offset[2]:  576, xstate_sizes[2]:  256
[    0.000000] x86/fpu: Enabled xstate features 0x7, context size is 832 bytes, using 'standard' format.
[    0.000000] e820: BIOS-provided physical RAM map:
[    0.000000] BIOS-e820: [mem 0x0000000000000000-0x000000000009fbff] usable
[    0.000000] BIOS-e820: [mem 0x000000000009fc00-0x000000000009ffff] reserved
[    0.000000] BIOS-e820: [mem 0x00000000000f0000-0x00000000000fffff] reserved
[    0.000000] BIOS-e820: [mem 0x0000000000100000-0x000000003ffeffff] usable
[    0.000000] BIOS-e820: [mem 0x000000003fff0000-0x000000003fffffff] ACPI data
[    0.000000] BIOS-e820: [mem 0x00000000fec00000-0x00000000fec00fff] reserved
[    0.000000] BIOS-e820: [mem 0x00000000fee00000-0x00000000fee00fff] reserved
[    0.000000] BIOS-e820: [mem 0x00000000fffc0000-0x00000000ffffffff] reserved
[    0.000000] NX (Execute Disable) protection: active
[    0.000000] SMBIOS 2.5 present.
[    0.000000] DMI: innotek GmbH VirtualBox/VirtualBox, BIOS VirtualBox 12/01/2006
[    0.000000] Hypervisor detected: KVM
[    0.000000] e820: last_pfn = 0x3fff0 max_arch_pfn = 0x400000000
[    0.000000] MTRR: Disabled
[    0.000000] x86/PAT: MTRRs disabled, skipping PAT initialization too.
[    0.000000] CPU MTRRs all blank - virtualized system.
[    0.000000] x86/PAT: Configuration [0-7]: WB  WT  UC- UC  WB  WT  UC- UC  
[    0.000000] found SMP MP-table at [mem 0x0009fff0-0x0009ffff]
[    0.000000] Scanning 1 areas for low memory corruption
[    0.000000] RAMDISK: [mem 0x35a6d000-0x36d2dfff]
[    0.000000] ACPI: Early table checksum verification disabled
[    0.000000] ACPI: RSDP 0x00000000000E0000 000024 (v02 VBOX  )
[    0.000000] ACPI: XSDT 0x000000003FFF0030 00003C (v01 VBOX   VBOXXSDT 00000001 ASL  00000061)
[    0.000000] ACPI: FACP 0x000000003FFF00F0 0000F4 (v04 VBOX   VBOXFACP 00000001 ASL  00000061)
[    0.000000] ACPI: DSDT 0x000000003FFF0470 002325 (v02 VBOX   VBOXBIOS 00000002 INTL 20100528)
[    0.000000] ACPI: FACS 0x000000003FFF0200 000040
[    0.000000] ACPI: FACS 0x000000003FFF0200 000040
[    0.000000] ACPI: APIC 0x000000003FFF0240 00005C (v02 VBOX   VBOXAPIC 00000001 ASL  00000061)
[    0.000000] ACPI: SSDT 0x000000003FFF02A0 0001CC (v01 VBOX   VBOXCPUT 00000002 INTL 20100528)
[    0.000000] No NUMA configuration found
[    0.000000] Faking a node at [mem 0x0000000000000000-0x000000003ffeffff]
[    0.000000] NODE_DATA(0) allocated [mem 0x3ffc5000-0x3ffeffff]
[    0.000000] kvm-clock: cpu 0, msr 0:3ff44001, primary cpu clock
[    0.000000] kvm-clock: Using msrs 4b564d01 and 4b564d00
[    0.000000] kvm-clock: using sched offset of 3896639521 cycles
[    0.000000] clocksource: kvm-clock: mask: 0xffffffffffffffff max_cycles: 0x1cd42e4dffb, max_idle_ns: 881590591483 ns
[    0.000000] Zone ranges:
[    0.000000]   DMA      [mem 0x0000000000001000-0x0000000000ffffff]
[    0.000000]   DMA32    [mem 0x0000000001000000-0x000000003ffeffff]
[    0.000000]   Normal   empty
[    0.000000]   Device   empty
[    0.000000] Movable zone start for each node
[    0.000000] Early memory node ranges
[    0.000000]   node   0: [mem 0x0000000000001000-0x000000000009efff]
[    0.000000]   node   0: [mem 0x0000000000100000-0x000000003ffeffff]
[    0.000000] Reserved but unavailable: 98 pages
[    0.000000] Initmem setup node 0 [mem 0x0000000000001000-0x000000003ffeffff]
[    0.000000] ACPI: PM-Timer IO Port: 0x4008
[    0.000000] IOAPIC[0]: apic_id 2, version 32, address 0xfec00000, GSI 0-23
[    0.000000] ACPI: INT_SRC_OVR (bus 0 bus_irq 0 global_irq 2 dfl dfl)
[    0.000000] ACPI: INT_SRC_OVR (bus 0 bus_irq 9 global_irq 9 low level)
[    0.000000] Using ACPI (MADT) for SMP configuration information
[    0.000000] smpboot: Allowing 2 CPUs, 0 hotplug CPUs
[    0.000000] PM: Registered nosave memory: [mem 0x00000000-0x00000fff]
[    0.000000] PM: Registered nosave memory: [mem 0x0009f000-0x0009ffff]
[    0.000000] PM: Registered nosave memory: [mem 0x000a0000-0x000effff]
[    0.000000] PM: Registered nosave memory: [mem 0x000f0000-0x000fffff]
[    0.000000] e820: [mem 0x40000000-0xfebfffff] available for PCI devices
[    0.000000] Booting paravirtualized kernel on KVM
[    0.000000] clocksource: refined-jiffies: mask: 0xffffffff max_cycles: 0xffffffff, max_idle_ns: 7645519600211568 ns
[    0.000000] random: get_random_bytes called from start_kernel+0x99/0x4fd with crng_init=0
[    0.000000] setup_percpu: NR_CPUS:8192 nr_cpumask_bits:2 nr_cpu_ids:2 nr_node_ids:1
[    0.000000] percpu: Embedded 45 pages/cpu s147456 r8192 d28672 u1048576
[    0.000000] PV qspinlock hash table entries: 256 (order: 0, 4096 bytes)
[    0.000000] Built 1 zonelists, mobility grouping on.  Total pages: 257913
[    0.000000] Policy zone: DMA32
[    0.000000] Kernel command line: BOOT_IMAGE=/boot/vmlinuz-4.15.0-106-generic root=LABEL=cloudimg-rootfs ro console=tty1 console=ttyS0
[    0.000000] Memory: 983048K/1048120K available (12300K kernel code, 2481K rwdata, 4272K rodata, 2436K init, 2720K bss, 65072K reserved, 0K cma-reserved)
[    0.000000] SLUB: HWalign=64, Order=0-3, MinObjects=0, CPUs=2, Nodes=1
[    0.000000] Kernel/User page tables isolation: enabled
[    0.000000] ftrace: allocating 39378 entries in 154 pages
[    0.004000] Hierarchical RCU implementation.
[    0.004000] 	RCU restricting CPUs from NR_CPUS=8192 to nr_cpu_ids=2.
[    0.004000] 	Tasks RCU enabled.
[    0.004000] RCU: Adjusting geometry for rcu_fanout_leaf=16, nr_cpu_ids=2
[    0.004000] NR_IRQS: 524544, nr_irqs: 440, preallocated irqs: 16
[    0.004000] Console: colour VGA+ 80x25
[    0.004000] console [tty1] enabled
[    0.004000] console [ttyS0] enabled
[    0.004000] ACPI: Core revision 20170831
[    0.004000] ACPI: 2 ACPI AML tables successfully acquired and loaded
[    0.004000] APIC: Switch to symmetric I/O mode setup
[    0.004000] x2apic enabled
[    0.004000] Switched APIC routing to physical x2apic.
[    0.004000] ..TIMER: vector=0x30 apic1=0 pin1=2 apic2=-1 pin2=-1
[    0.004005] tsc: Detected 2494.226 MHz processor
[    0.004921] Calibrating delay loop (skipped) preset value.. 4988.45 BogoMIPS (lpj=9976904)
[    0.005608] pid_max: default: 32768 minimum: 301
[    0.008031] Security Framework initialized
[    0.008819] Yama: becoming mindful.
[    0.009543] AppArmor: AppArmor initialized
[    0.012047] Dentry cache hash table entries: 131072 (order: 8, 1048576 bytes)
[    0.013633] Inode-cache hash table entries: 65536 (order: 7, 524288 bytes)
[    0.014955] Mount-cache hash table entries: 2048 (order: 2, 16384 bytes)
[    0.016009] Mountpoint-cache hash table entries: 2048 (order: 2, 16384 bytes)
[    0.017549] Last level iTLB entries: 4KB 1024, 2MB 1024, 4MB 1024
[    0.018624] Last level dTLB entries: 4KB 1024, 2MB 1024, 4MB 1024, 1GB 4
[    0.020002] Spectre V1 : Mitigation: usercopy/swapgs barriers and __user pointer sanitization
[    0.021886] Spectre V2 : Mitigation: Full generic retpoline
[    0.022898] Spectre V2 : Spectre v2 / SpectreRSB mitigation: Filling RSB on context switch
[    0.024002] Speculative Store Bypass: Vulnerable
[    0.024860] SRBDS: Unknown: Dependent on hypervisor status
[    0.025845] MDS: Mitigation: Clear CPU buffers
[    0.026772] Freeing SMP alternatives memory: 36K
[    0.138690] smpboot: CPU0: Intel(R) Core(TM) i7-4870HQ CPU @ 2.50GHz (family: 0x6, model: 0x46, stepping: 0x1)
[    0.140000] Performance Events: unsupported p6 CPU model 70 no PMU driver, software events only.
[    0.140000] Hierarchical SRCU implementation.
[    0.140564] NMI watchdog: Perf event create on CPU 0 failed with -2
[    0.141647] NMI watchdog: Perf NMI watchdog permanently disabled
[    0.142924] smp: Bringing up secondary CPUs ...
[    0.144078] x86: Booting SMP configuration:
[    0.144862] .... node  #0, CPUs:      #1
[    0.004000] kvm-clock: cpu 1, msr 0:3ff44041, secondary cpu clock
[    0.148020] smp: Brought up 1 node, 2 CPUs
[    0.148780] smpboot: Max logical packages: 1
[    0.149634] smpboot: Total of 2 processors activated (9976.90 BogoMIPS)
[    0.152134] devtmpfs: initialized
[    0.152689] x86/mm: Memory block size: 128MB
[    0.153593] evm: security.selinux
[    0.154253] evm: security.SMACK64
[    0.154872] evm: security.SMACK64EXEC
[    0.156003] evm: security.SMACK64TRANSMUTE
[    0.156773] evm: security.SMACK64MMAP
[    0.157572] evm: security.apparmor
[    0.158515] evm: security.ima
[    0.159285] evm: security.capability
[    0.160162] clocksource: jiffies: mask: 0xffffffff max_cycles: 0xffffffff, max_idle_ns: 7645041785100000 ns
[    0.162180] futex hash table entries: 512 (order: 3, 32768 bytes)
[    0.165337] pinctrl core: initialized pinctrl subsystem
[    0.166394] RTC time: 21:08:56, date: 06/22/20
[    0.167380] NET: Registered protocol family 16
[    0.168063] audit: initializing netlink subsys (disabled)
[    0.169069] audit: type=2000 audit(1592860141.114:1): state=initialized audit_enabled=0 res=1
[    0.172016] cpuidle: using governor ladder
[    0.172811] cpuidle: using governor menu
[    0.173617] ACPI: bus type PCI registered
[    0.174409] acpiphp: ACPI Hot Plug PCI Controller Driver version: 0.5
[    0.175707] PCI: Using configuration type 1 for base access
[    0.177063] HugeTLB registered 2.00 MiB page size, pre-allocated 0 pages
[    0.180124] ACPI: Added _OSI(Module Device)
[    0.181381] ACPI: Added _OSI(Processor Device)
[    0.182294] ACPI: Added _OSI(3.0 _SCP Extensions)
[    0.183173] ACPI: Added _OSI(Processor Aggregator Device)
[    0.184004] ACPI: Added _OSI(Linux-Dell-Video)
[    0.184895] ACPI: Added _OSI(Linux-Lenovo-NV-HDMI-Audio)
[    0.185909] ACPI: Added _OSI(Linux-HPI-Hybrid-Graphics)
[    0.187215] ACPI: Executed 1 blocks of module-level executable AML code
[    0.190712] ACPI: Interpreter enabled
[    0.192012] ACPI: (supports S0 S5)
[    0.192668] ACPI: Using IOAPIC for interrupt routing
[    0.194142] PCI: Using host bridge windows from ACPI; if necessary, use "pci=nocrs" and report a bug
[    0.196311] ACPI: Enabled 2 GPEs in block 00 to 07
[    0.204595] ACPI: PCI Root Bridge [PCI0] (domain 0000 [bus 00-ff])
[    0.205994] acpi PNP0A03:00: _OSC: OS supports [ASPM ClockPM Segments MSI]
[    0.207646] acpi PNP0A03:00: _OSC: not requesting OS control; OS requires [ExtendedConfig ASPM ClockPM MSI]
[    0.208012] acpi PNP0A03:00: fail to add MMCONFIG information, can't access extended PCI configuration space under this bridge.
[    0.212458] PCI host bridge to bus 0000:00
[    0.213247] pci_bus 0000:00: root bus resource [io  0x0000-0x0cf7 window]
[    0.214588] pci_bus 0000:00: root bus resource [io  0x0d00-0xffff window]
[    0.215894] pci_bus 0000:00: root bus resource [mem 0x000a0000-0x000bffff window]
[    0.216008] pci_bus 0000:00: root bus resource [mem 0x40000000-0xfdffffff window]
[    0.217562] pci_bus 0000:00: root bus resource [bus 00-ff]
[    0.222611] pci 0000:00:01.1: legacy IDE quirk: reg 0x10: [io  0x01f0-0x01f7]
[    0.223886] pci 0000:00:01.1: legacy IDE quirk: reg 0x14: [io  0x03f6]
[    0.224003] pci 0000:00:01.1: legacy IDE quirk: reg 0x18: [io  0x0170-0x0177]
[    0.228005] pci 0000:00:01.1: legacy IDE quirk: reg 0x1c: [io  0x0376]
[    0.242922] pci 0000:00:07.0: quirk: [io  0x4000-0x403f] claimed by PIIX4 ACPI
[    0.244100] pci 0000:00:07.0: quirk: [io  0x4100-0x410f] claimed by PIIX4 SMB
[    0.252181] ACPI: PCI Interrupt Link [LNKA] (IRQs 5 9 10 *11)
[    0.253672] ACPI: PCI Interrupt Link [LNKB] (IRQs 5 9 *10 11)
[    0.254848] ACPI: PCI Interrupt Link [LNKC] (IRQs 5 *9 10 11)
[    0.256018] ACPI: PCI Interrupt Link [LNKD] (IRQs 5 9 10 *11)
[    0.257457] SCSI subsystem initialized
[    0.258268] pci 0000:00:02.0: vgaarb: setting as boot VGA device
[    0.258268] pci 0000:00:02.0: vgaarb: VGA device added: decodes=io+mem,owns=io+mem,locks=none
[    0.260012] pci 0000:00:02.0: vgaarb: bridge control possible
[    0.261136] vgaarb: loaded
[    0.261705] ACPI: bus type USB registered
[    0.262499] usbcore: registered new interface driver usbfs
[    0.264021] usbcore: registered new interface driver hub
[    0.265058] usbcore: registered new device driver usb
[    0.268022] EDAC MC: Ver: 3.0.0
[    0.269474] PCI: Using ACPI for IRQ routing
[    0.269474] NetLabel: Initializing
[    0.269807] NetLabel:  domain hash size = 128
[    0.272002] NetLabel:  protocols = UNLABELED CIPSOv4 CALIPSO
[    0.273143] NetLabel:  unlabeled traffic allowed by default
[    0.274242] clocksource: Switched to clocksource kvm-clock
[    0.284754] VFS: Disk quotas dquot_6.6.0
[    0.285532] VFS: Dquot-cache hash table entries: 512 (order 0, 4096 bytes)
[    0.286804] AppArmor: AppArmor Filesystem Enabled
[    0.287656] pnp: PnP ACPI init
[    0.289479] pnp: PnP ACPI: found 3 devices
[    0.301012] clocksource: acpi_pm: mask: 0xffffff max_cycles: 0xffffff, max_idle_ns: 2085701024 ns
[    0.303980] NET: Registered protocol family 2
[    0.305171] TCP established hash table entries: 8192 (order: 4, 65536 bytes)
[    0.307020] TCP bind hash table entries: 8192 (order: 5, 131072 bytes)
[    0.310502] TCP: Hash tables configured (established 8192 bind 8192)
[    0.311722] UDP hash table entries: 512 (order: 2, 16384 bytes)
[    0.312840] UDP-Lite hash table entries: 512 (order: 2, 16384 bytes)
[    0.314060] NET: Registered protocol family 1
[    0.315182] pci 0000:00:00.0: Limiting direct PCI/PCI transfers
[    0.316882] pci 0000:00:01.0: Activating ISA DMA hang workarounds
[    0.319132] pci 0000:00:02.0: Video device with shadowed ROM at [mem 0x000c0000-0x000dffff]
[    0.321696] Unpacking initramfs...
[    0.594305] Freeing initrd memory: 19204K
[    0.595258] clocksource: tsc: mask: 0xffffffffffffffff max_cycles: 0x23f3eb3743e, max_idle_ns: 440795257847 ns
[    0.597925] platform rtc_cmos: registered platform RTC device (no PNP device found)
[    0.599834] Scanning for low memory corruption every 60 seconds
[    0.601967] Initialise system trusted keyrings
[    0.602892] Key type blacklist registered
[    0.603781] workingset: timestamp_bits=36 max_order=18 bucket_order=0
[    0.606340] zbud: loaded
[    0.607371] squashfs: version 4.0 (2009/01/31) Phillip Lougher
[    0.609086] fuse init (API version 7.26)
[    0.611872] Key type asymmetric registered
[    0.612692] Asymmetric key parser 'x509' registered
[    0.613732] Block layer SCSI generic (bsg) driver version 0.4 loaded (major 246)
[    0.615197] io scheduler noop registered
[    0.615938] io scheduler deadline registered
[    0.616794] io scheduler cfq registered (default)
[    0.618183] ACPI: AC Adapter [AC] (on-line)
[    0.619079] input: Power Button as /devices/LNXSYSTM:00/LNXPWRBN:00/input/input0
[    0.620758] ACPI: Power Button [PWRF]
[    0.621579] input: Sleep Button as /devices/LNXSYSTM:00/LNXSLPBN:00/input/input1
[    0.622913] ACPI: Sleep Button [SLPF]
[    0.625094] ACPI: Battery Slot [BAT0] (battery present)
[    0.626575] Serial: 8250/16550 driver, 32 ports, IRQ sharing enabled
[    0.649046] 00:02: ttyS0 at I/O 0x3f8 (irq = 4, base_baud = 115200) is a 16550A
[    0.653434] Linux agpgart interface v0.103
[    0.655670] loop: module loaded
[    0.656978] scsi host0: ata_piix
[    0.657921] scsi host1: ata_piix
[    0.659000] ata1: PATA max UDMA/33 cmd 0x1f0 ctl 0x3f6 bmdma 0xd000 irq 14
[    0.660671] ata2: PATA max UDMA/33 cmd 0x170 ctl 0x376 bmdma 0xd008 irq 15
[    0.662218] libphy: Fixed MDIO Bus: probed
[    0.663115] tun: Universal TUN/TAP device driver, 1.6
[    0.664340] PPP generic driver version 2.4.2
[    0.665630] ehci_hcd: USB 2.0 'Enhanced' Host Controller (EHCI) Driver
[    0.667219] ehci-pci: EHCI PCI platform driver
[    0.668124] ehci-platform: EHCI generic platform driver
[    0.669161] ohci_hcd: USB 1.1 'Open' Host Controller (OHCI) Driver
[    0.670246] ohci-pci: OHCI PCI platform driver
[    0.671048] ohci-platform: OHCI generic platform driver
[    0.671972] uhci_hcd: USB Universal Host Controller Interface driver
[    0.673390] i8042: PNP: PS/2 Controller [PNP0303:PS2K,PNP0f03:PS2M] at 0x60,0x64 irq 1,12
[    0.675950] serio: i8042 KBD port at 0x60,0x64 irq 1
[    0.677022] serio: i8042 AUX port at 0x60,0x64 irq 12
[    0.678239] mousedev: PS/2 mouse device common for all mice
[    0.680001] rtc_cmos rtc_cmos: rtc core: registered rtc_cmos as rtc0
[    0.681728] rtc_cmos rtc_cmos: alarms up to one day, 114 bytes nvram
[    0.686803] input: AT Translated Set 2 keyboard as /devices/platform/i8042/serio0/input/input2
[    0.688084] i2c /dev entries driver
[    0.689382] device-mapper: uevent: version 1.0.3
[    0.690374] device-mapper: ioctl: 4.37.0-ioctl (2017-09-20) initialised: dm-devel@redhat.com
[    0.692468] ledtrig-cpu: registered to indicate activity on CPUs
[    0.694244] NET: Registered protocol family 10
[    0.698564] Segment Routing with IPv6
[    0.699306] NET: Registered protocol family 17
[    0.700226] Key type dns_resolver registered
[    0.701186] mce: Using 0 MCE banks
[    0.701872] RAS: Correctable Errors collector initialized.
[    0.703089] sched_clock: Marking stable (701118963, 0)->(860378694, -159259731)
[    0.704954] registered taskstats version 1
[    0.705737] Loading compiled-in X.509 certificates
[    0.708744] Loaded X.509 cert 'Build time autogenerated kernel key: b1772ce3e036cbf6bf2b7e9ed9be0f8806d61091'
[    0.711093] zswap: loaded using pool lzo/zbud
[    0.715455] Key type big_key registered
[    0.716350] Key type trusted registered
[    0.718633] Key type encrypted registered
[    0.719448] AppArmor: AppArmor sha1 policy hashing enabled
[    0.720529] ima: No TPM chip found, activating TPM-bypass! (rc=-19)
[    0.721631] ima: Allocated hash algorithm: sha1
[    0.722478] evm: HMAC attrs: 0x1
[    0.723343]   Magic number: 8:945:146
[    0.724840] rtc_cmos rtc_cmos: setting system clock to 2020-06-22 21:08:56 UTC (1592860136)
[    0.727229] BIOS EDD facility v0.16 2004-Jun-25, 0 devices found
[    0.728592] EDD information not available.
[    0.888520] Freeing unused kernel image memory: 2436K
[    0.900672] Write protecting the kernel read-only data: 20480k
[    0.903073] Freeing unused kernel image memory: 2008K
[    0.904737] Freeing unused kernel image memory: 1872K
[    0.912630] x86/mm: Checked W+X mappings: passed, no W+X pages found.
[    0.913845] x86/mm: Checking user space page tables
[    0.919955] x86/mm: Checked W+X mappings: passed, no W+X pages found.
Loading, please wait...
starting version 237
[    0.982225] Fusion MPT base driver 3.04.20
[    0.983267] Copyright (c) 1999-2008 LSI Corporation
[    0.989130] e1000: Intel(R) PRO/1000 Network Driver - version 7.3.21-k8-NAPI
[    0.990723] e1000: Copyright (c) 1999-2006 Intel Corporation.
[    0.992712] Fusion MPT SPI Host driver 3.04.20
[    0.999254] mptbase: ioc0: Initiating bringup
[    1.012134] AVX2 version of gcm_enc/dec engaged.
[    1.013402] AES CTR mode by8 optimization enabled
[    1.197061] ioc0: LSI53C1030 A0: Capabilities={Initiator}
[    1.214325] input: ImExPS/2 Generic Explorer Mouse as /devices/platform/i8042/serio1/input/input4
[    3.602685] scsi host2: ioc0: LSI53C1030 A0, FwRev=00000000h, Ports=1, MaxQ=256, IRQ=20
[    5.628152] scsi 2:0:0:0: Direct-Access     VBOX     HARDDISK         1.0  PQ: 0 ANSI: 5
[    5.687291] scsi target2:0:0: Beginning Domain Validation
[    5.752214] scsi target2:0:0: Domain Validation skipping write tests
[    5.753468] scsi target2:0:0: Ending Domain Validation
[    5.754643] scsi target2:0:0: asynchronous
[    5.756418] scsi 2:0:1:0: Direct-Access     VBOX     HARDDISK         1.0  PQ: 0 ANSI: 5
[    5.976468] scsi target2:0:1: Beginning Domain Validation
[    5.979367] random: fast init done
[    5.983475] scsi target2:0:1: Domain Validation skipping write tests
[    5.984759] scsi target2:0:1: Ending Domain Validation
[    5.985945] scsi target2:0:1: asynchronous
[    5.993057] random: systemd-udevd: uninitialized urandom read (16 bytes read)
[    5.993120] sd 2:0:0:0: Attached scsi generic sg0 type 0
[    5.994454] random: systemd-udevd: uninitialized urandom read (16 bytes read)
[    5.995636] sd 2:0:1:0: Attached scsi generic sg1 type 0
[    5.996994] random: systemd-udevd: uninitialized urandom read (16 bytes read)
[    5.999388] sd 2:0:0:0: [sda] 20971520 512-byte logical blocks: (10.7 GB/10.0 GiB)
[    5.999502] sd 2:0:1:0: [sdb] 20480 512-byte logical blocks: (10.5 MB/10.0 MiB)
[    6.002498] sd 2:0:0:0: [sda] Write Protect is off
[    6.002520] sd 2:0:1:0: [sdb] Write Protect is off
[    6.004646] sd 2:0:0:0: [sda] Incomplete mode parameter data
[    6.004884] sd 2:0:1:0: [sdb] Incomplete mode parameter data
[    6.005696] sd 2:0:0:0: [sda] Assuming drive cache: write through
[    6.006818] sd 2:0:1:0: [sdb] Assuming drive cache: write through
[    6.012915]  sda: sda1
[    6.014150] sd 2:0:1:0: [sdb] Attached SCSI disk
[    6.015352] sd 2:0:0:0: [sda] Attached SCSI disk
[    6.039898] e1000 0000:00:03.0 eth0: (PCI:33MHz:32-bit) 02:fc:38:2c:42:7e
[    6.041194] e1000 0000:00:03.0 eth0: Intel(R) PRO/1000 Network Connection
[    6.043821] e1000 0000:00:03.0 enp0s3: renamed from eth0
Begin: Loading essential drivers ... [    7.440124] raid6: sse2x1   gen() 11934 MB/s
[    7.488284] raid6: sse2x1   xor()  8142 MB/s
[    7.536545] raid6: sse2x2   gen() 14088 MB/s
[    7.584192] raid6: sse2x2   xor()  8847 MB/s
[    7.632086] raid6: sse2x4   gen() 16557 MB/s
[    7.680072] raid6: sse2x4   xor() 10111 MB/s
[    7.728273] raid6: avx2x1   gen() 23242 MB/s
[    7.776125] raid6: avx2x1   xor() 15714 MB/s
[    7.824261] raid6: avx2x2   gen() 25689 MB/s
[    7.872239] raid6: avx2x2   xor() 16599 MB/s
[    7.920299] raid6: avx2x4   gen() 29873 MB/s
[    7.968162] raid6: avx2x4   xor() 18696 MB/s
[    7.968950] raid6: using algorithm avx2x4 gen() 29873 MB/s
[    7.969952] raid6: .... xor() 18696 MB/s, rmw enabled
[    7.970871] raid6: using avx2x2 recovery algorithm
[    7.973178] xor: automatically using best checksumming function   avx       
[    7.975744] async_tx: api initialized (async)
done.
Begin: Running /scripts/init-premount ... done.
Begin: Mounting root file system ... Begin: Running /scripts/local-top ... done.
Begin: Running /scripts/local-premount ... [    8.019558] Btrfs loaded, crc32c=crc32c-intel
Scanning for Btrfs filesystems
done.
Warning: fsck not present, so skipping root file system
[    8.052533] EXT4-fs (sda1): mounted filesystem with ordered data mode. Opts: (null)
done.
Begin: Running /scripts/local-bottom ... done.
Begin: Running /scripts/init-bottom ... done.
[    8.172875] ip_tables: (C) 2000-2006 Netfilter Core Team
[    8.180345] systemd[1]: systemd 237 running in system mode. (+PAM +AUDIT +SELINUX +IMA +APPARMOR +SMACK +SYSVINIT +UTMP +LIBCRYPTSETUP +GCRYPT +GNUTLS +ACL +XZ +LZ4 +SECCOMP +BLKID +ELFUTILS +KMOD -IDN2 +IDN -PCRE2 default-hierarchy=hybrid)
[    8.184113] systemd[1]: Detected virtualization oracle.
[    8.185127] systemd[1]: Detected architecture x86-64.

Welcome to [1mUbuntu 18.04.4 LTS[0m!

[    8.191448] systemd[1]: Set hostname to <ubuntu>.
[    8.195542] systemd[1]: Initializing machine ID from random generator.
[    8.196842] systemd[1]: Installed transient /etc/machine-id file.
[    8.389744] systemd[1]: Reached target Swap.
[[0;32m  OK  [0m] Reached target Swap.
[    8.392771] systemd[1]: Created slice User and Session Slice.
[[0;32m  OK  [0m] Created slice User and Session Slice.
[    8.406065] systemd[1]: Created slice System Slice.
[[0;32m  OK  [0m] Created slice System Slice.
[    8.408502] systemd[1]: Listening on /dev/initctl Compatibility Named Pipe.
[[0;32m  OK  [0m] Listening on /dev/initctl Compatibility Named Pipe.
[[0;32m  OK  [0m] Listening on Syslog Socket.
[[0;32m  OK  [0m] Listening on Journal Socket (/dev/log).
[[0;32m  OK  [0m] Listening on Network Service Netlink Socket.
[[0;32m  OK  [0m] Listening on udev Control Socket.
[[0;32m  OK  [0m] Listening on Journal Socket.
         Mounting Kernel Debug File System...
[[0;32m  OK  [0m] Reached target Slices.
         Starting Create list of required st…ce nodes for the current kernel...
[[0;32m  OK  [0m] Created slice system-serial\x2dgetty.slice.
[[0;32m  OK  [0m] Listening on Journal Audit Socket.
         Starting Journal Service...
[[0;32m  OK  [0m] Listening on LVM2 poll daemon socket.
         Starting Uncomplicated firewall...
[[0;32m  OK  [0m] Started Forward Password Requests to Wall Directory Watch.
[[0;32m  OK  [0m] Listening on udev Kernel Socket.
         Starting udev Coldplug all Devices...
[[0;32m  OK  [0m] Reached target System Time Synchronized.
[[0;32m  OK  [0m] Listening on Device-mapper event daemon FIFOs.
         Mounting POSIX Message Queue File System...
[[0;32m  OK  [0m] Set up automount Arbitrary Executab…rmats File System Automount Point.
         Starting Remount Root and Kernel File Systems...
[    8.516266] EXT4-fs (sda1): re-mounted. Opts: (null)
         Starting Set the console keyboard layout...
[[0;32m  OK  [0m] Reached target User and Group Name Lookups.
[[0;32m  OK  [0m] Listening on LVM2 metadata daemon socket.
         Starting Monitoring of LVM2 mirrors…ng dmeventd or progress polling...
         Starting Load Kernel Modules...
         Mounting Huge Pages File System...
[[0;32m  OK  [0m] Started Journal Service.
[[0;32m  OK  [0m] Mounted Kernel Debug File System.
[[0;32m  OK  [0m] Started Create list of required sta…vice nodes for the current kernel.
[[0;32m  OK  [0m] Started Uncomplicated firewall.
[[0;32m  OK  [0m] Mounted POSIX Message Queue File System.
[[0;32m  OK  [0m] Started Remount Root and Kernel File Systems.
[[0;32m  OK  [0m] Mounted Huge Pages File System.
[[0;32m  OK  [0m] Started LVM2 metadata daemon.
[    8.609416] Loading iSCSI transport class v2.0-870.
[    8.617817] iscsi: registered transport (tcp)
[    8.629943] iscsi: registered transport (iser)
         Starting Load/Save Random Seed...
         Starting Create Static Device Nodes in /dev...
         Starting Flush Journal to Persistent Storage...
[[0;32m  OK  [0m] Started Load Kernel Modules.
[[0;32m  OK  [0m] Started udev Coldplug all Devices.
         Starting Apply Kernel Variables...
         Mounting Kernel Configuration File System...
         Mounting FUSE Control File System...
[[0;32m  OK  [0m] Mounted Kernel Configuration File System.
[[0;32m  OK  [0m] Mounted FUSE Control File System.
[[0;32m  OK  [0m] Started Load/Save Random Seed.
[[0;32m  OK  [0m] Started Create Static Device Nodes in /dev.
         Starting udev Kernel Device Manager...
[[0;32m  OK  [0m] Started Monitoring of LVM2 mirrors,…sing dmeventd or progress polling.
[    8.693924] systemd-journald[395]: Received request to flush runtime journal from PID 1
[[0;32m  OK  [0m] Started udev Kernel Device Manager.
[[0;32m  OK  [0m] Started Apply Kernel Variables.
[[0;32m  OK  [0m] Started Flush Journal to Persistent Storage.
[[0;32m  OK  [0m] Found device /dev/ttyS0.
[[0;32m  OK  [0m] Listening on Load/Save RF Kill Switch Status /dev/rfkill Watch.
[[0;32m  OK  [0m] Started Set the console keyboard layout.
[[0;32m  OK  [0m] Reached target Local File Systems (Pre).
[[0;32m  OK  [0m] Reached target Local File Systems.
         Starting AppArmor initialization...
         Starting Set console font and keymap...
         Starting Commit a transient machine-id on disk...
         Starting Tell Plymouth To Write Out Runtime Data...
         Starting ebtables ruleset management...
         Starting Create Volatile Files and Directories...
[[0;32m  OK  [0m] Started Dispatch Password Requests to Console Directory Watch.
[[0;32m  OK  [0m] Reached target Local Encrypted Volumes.
[[0;32m  OK  [0m] Started Tell Plymouth To Write Out Runtime Data.
[[0;32m  OK  [0m] Started Create Volatile Files and Directories.
         Starting Update UTMP about System Boot/Shutdown...
[[0;32m  OK  [0m] Started Commit a transient machine-id on disk.
[[0;32m  OK  [0m] Started Update UTMP about System Boot/Shutdown.
[[0;32m  OK  [0m] Started ebtables ruleset management.
[[0;32m  OK  [0m] Started AppArmor initialization.
         Starting Initial cloud-init job (pre-networking)...
[[0;32m  OK  [0m] Started Set console font and keymap.
[   11.464912] cloud-init[802]: Cloud-init v. 19.4-33-gbb4131a2-0ubuntu1~18.04.1 running 'init-local' at Mon, 22 Jun 2020 21:09:06 +0000. Up 11.12 seconds.
[[0;32m  OK  [0m] Started Initial cloud-init job (pre-networking).
[[0;32m  OK  [0m] Reached target Network (Pre).
         Starting Network Service...
[[0;32m  OK  [0m] Started Network Service.
         Starting Wait for Network to be Configured...
         Starting Network Name Resolution...
[[0;32m  OK  [0m] Started Network Name Resolution.
[[0;32m  OK  [0m] Reached target Network.
[[0;32m  OK  [0m] Reached target Host and Network Name Lookups.
[[0;32m  OK  [0m] Started Wait for Network to be Configured.
         Starting Initial cloud-init job (metadata service crawler)...
[   13.487236] cloud-init[964]: Cloud-init v. 19.4-33-gbb4131a2-0ubuntu1~18.04.1 running 'init' at Mon, 22 Jun 2020 21:09:09 +0000. Up 13.35 seconds.
[   13.490385] cloud-init[964]: ci-info: ++++++++++++++++++++++++++++++++++++++Net device info++++++++++++++++++++++++++++++++++++++
[   13.492882] cloud-init[964]: ci-info: +--------+------+----------------------------+---------------+--------+-------------------+
[   13.494998] cloud-init[964]: ci-info: | Device |  Up  |          Address           |      Mask     | Scope  |     Hw-Address    |
[   13.500179] cloud-init[964]: ci-info: +--------+------+----------------------------+---------------+--------+-------------------+
[   13.516336] cloud-init[964]: ci-info: | enp0s3 | True |         10.0.2.15          | 255.255.255.0 | global | 02:fc:38:2c:42:7e |
[   13.518958] cloud-init[964]: ci-info: | enp0s3 | True | fe80::fc:38ff:fe2c:427e/64 |       .       |  link  | 02:fc:38:2c:42:7e |
[   13.521450] cloud-init[964]: ci-info: |   lo   | True |         127.0.0.1          |   255.0.0.0   |  host  |         .         |
[   13.524654] cloud-init[964]: ci-info: |   lo   | True |          ::1/128           |       .       |  host  |         .         |
[   13.529097] cloud-init[964]: ci-info: +--------+------+----------------------------+---------------+--------+-------------------+
[   13.534541] cloud-init[964]: ci-info: ++++++++++++++++++++++++++++Route IPv4 info+++++++++++++++++++++++++++++
[   13.537586] cloud-init[964]: ci-info: +-------+-------------+----------+-----------------+-----------+-------+
[   13.540840] cloud-init[964]: ci-info: | Route | Destination | Gateway  |     Genmask     | Interface | Flags |
[   13.542858] cloud-init[964]: ci-info: +-------+-------------+----------+-----------------+-----------+-------+
[   13.556219] cloud-init[964]: ci-info: |   0   |   0.0.0.0   | 10.0.2.2 |     0.0.0.0     |   enp0s3  |   UG  |
[   13.557721] cloud-init[964]: ci-info: |   1   |   10.0.2.0  | 0.0.0.0  |  255.255.255.0  |   enp0s3  |   U   |
[   13.559220] cloud-init[964]: ci-info: |   2   |   10.0.2.2  | 0.0.0.0  | 255.255.255.255 |   enp0s3  |   UH  |
[   13.560698] cloud-init[964]: ci-info: +-------+-------------+----------+-----------------+-----------+-------+
[   13.572157] cloud-init[964]: ci-info: +++++++++++++++++++Route IPv6 info+++++++++++++++++++
[   13.573462] cloud-init[964]: ci-info: +-------+-------------+---------+-----------+-------+
[   13.574537] cloud-init[964]: ci-info: | Route | Destination | Gateway | Interface | Flags |
[   13.575689] cloud-init[964]: ci-info: +-------+-------------+---------+-----------+-------+
[   13.576878] cloud-init[964]: ci-info: |   1   |  fe80::/64  |    ::   |   enp0s3  |   U   |
[   13.578123] cloud-init[964]: ci-info: |   3   |    local    |    ::   |   enp0s3  |   U   |
[   13.579291] cloud-init[964]: ci-info: |   4   |   ff00::/8  |    ::   |   enp0s3  |   U   |
[   13.580377] cloud-init[964]: ci-info: +-------+-------------+---------+-----------+-------+
[   14.215754] cloud-init[964]: Generating public/private rsa key pair.
[   14.217329] cloud-init[964]: Your identification has been saved in /etc/ssh/ssh_host_rsa_key.
[   14.219710] cloud-init[964]: Your public key has been saved in /etc/ssh/ssh_host_rsa_key.pub.
[   14.221860] cloud-init[964]: The key fingerprint is:
[   14.222877] cloud-init[964]: SHA256:XtUEUOQ2q5w0hNrpIyw3NAT+7m2xgocPIjcm3FnvNiI root@ubuntu-bionic
[   14.225251] cloud-init[964]: The key's randomart image is:
[   14.236232] cloud-init[964]: +---[RSA 2048]----+
[   14.237406] cloud-init[964]: |    .     .++..  |
[   14.238576] cloud-init[964]: |   . .   . . o   |
[   14.239887] cloud-init[964]: |    . . . . = .  |
[   14.241259] cloud-init[964]: |     o o o o o   |
[   14.242483] cloud-init[964]: |     .= S + .    |
[   14.243584] cloud-init[964]: |. . o+.+.+ +     |
[   14.256334] cloud-init[964]: |o.=ooo*.+o+      |
[   14.257555] cloud-init[964]: | = Eo*+*o.       |
[   14.258542] cloud-init[964]: |    .o=+o        |
[   14.259694] cloud-init[964]: +----[SHA256]-----+
[   14.261242] cloud-init[964]: Generating public/private dsa key pair.
[   14.262959] cloud-init[964]: Your identification has been saved in /etc/ssh/ssh_host_dsa_key.
[   14.265221] cloud-init[964]: Your public key has been saved in /etc/ssh/ssh_host_dsa_key.pub.
[   14.267495] cloud-init[964]: The key fingerprint is:[[0;32m  OK  [0m] Started Initial cloud-init job (metadata service crawler).
[[0;32m  OK  [0m] Reached target Cloud-config availability.
[[0;32m  OK  [0m] Reached target System Initialization.
[[0;32m  OK  [0m] Started Daily Cleanup of Temporary Directories.
[[0;32m  OK  [0m] Started Message of the Day.

[   14.275575] cloud-init[964]: SHA256:JbYckJqAbqpzDOXocsDd1PhCSn33KYvcEiNaJicJfTc root@ubuntu-bionic
         Starting LXD - unix socket.
[[0;32m  OK  [0m] Started Daily apt download activities.
[[0;32m  OK  [0m] Listening on UUID daemon activation socket.
[   14.281604] cloud-init[964]: The key's randomart image is:
         Starting Socket activation for snappy daemon.
[[0;32m  OK  [0m] Listening on D-Bus System Message Bus Socket.
[   14.285985] cloud-init[964]: +---[DSA 1024]----+
[   14.286903] cloud-init[[0;32m  OK  [0m] Started ACPI Events Check.
[[0;32m  OK  [0m] Reached target Paths.
[[0;32m  OK  [0m] Started Discard unused blocks once a week.
[[0;32m  OK  [0m] Listening on ACPID Listen Socket.
[[0;32m  OK  [0m] Listening on Open-iSCSI iscsid Socket.
[964]: | .    ..         |
[   14.300873] [[0;32m  OK  [0m] Started Daily apt upgrade and clean activities.
[[0;32m  OK  [0m] Reached target Timers.
cloud-init[964]: |. .   ..         |
[[0;32m  OK  [0m] Reached target Network is Online.
[   14.317024] cloud-init[964]: |. ...oo + .      |
[   14.317924]          Starting Availability of block devices...
[[0;32m  OK  [0m] Reached target Remote File Systems (Pre).
cloud-init[964]: | +.oo* E *       |
[[0;32m  OK  [0m] Reached target Remote File Systems.
[   14.322478] cloud-init[[0;32m  OK  [0m] Listening on LXD - unix socket.
[[0;32m  OK  [0m] Listening on Socket activation for snappy daemon.
[[0;32m  OK  [0m] Reached target Sockets.
[[0;32m  OK  [0m] Reached target Basic System.
[964]: |+++ B + S . .    |[[0;32m  OK  [0m] Started D-Bus System Message Bus.

[   14.331271] cloud-init[964]: |=..* B + . o     |
[   14.334724] cloud-init[964]: |o+  B + = o      |
[   14.336621] cloud-init[964]: |+.+.   + o       |
[   14.338929] cloud-init[964]: |.+      .        |
[   14.340956] cloud-init[964]: +----[SHA256]-----+
[   14.342385] cloud-init[964]: Generating public/private ecdsa key pair.
[   14.344856] cloud-init[964]: Your identification has been saved in /etc/ssh/ssh_host_ecdsa_key.
[   14.350102] cloud-init[964]: Your public key has been saved in /etc/ssh/ssh_host_ecdsa_key.pub.
[   14.351952] cloud-init[964]: The key fingerprint is:
[   14.355326] cloud-init[964]: SHA256:WehPU1iscaSgWWs2N68FHcuNuJ32dlTvk2UFcm5aJ6U root@ubuntu-bionic
[   14.357398] cloud-init[[0;32m  OK  [0m] Started irqbalance daemon.
[[0;32m  OK  [0m] Started FUSE filesystem for LXC.
         Starting LSB: Record successful boot for GRUB...
[964]: The key's randomart image is:
         Starting Login Service...
[   14.367399] cloud-init[964]:          Starting System Logging Service...
+---[ECDSA 256]---+         Starting Permit User Sessions...

[   14.373184] cloud-init[964]: |        o  o= o .|
         Starting Virtualbox guest utils...
[   14.379525] cloud-init[964]: |       + +.BoO + |
[   14.383165] cloud-init[964]: |      o * O+* E +|
[   14.384842] cloud-init[964]: |       + =.B = o+|
[   14.386259] cloud-init[964]: |        S + B   =|
[   14.387565] cloud-init[964]: |         o = . +o|
[   14.389091] cloud-init[964]: |          o   ooo|
[   14.390631] cloud-init[964]: |             . ..|
[   14.392811] cloud-init[964]: |                 |
[   14.394376] cloud-init[964]: +----[SHA256]-----+
[   14.396586] cloud-init[964]: Generating public/private ed25519 key pair.
[   14.398425] cloud-init[964]: Your identification has been saved in /etc/ssh/ssh_host_ed25519_key.
[   14.400665] cloud-init[964]: Your public key has been saved in /etc/ssh/ssh_host_ed25519_key.pub.
         Starting Pollinate to seed the pseudo random number generator...
[   14.416917] cloud-init[964]: The key fingerprint is:
[   14.419215] cloud-init[964]: SHA256:NVEVuvassGevL/mrSVMqm6HGE3X9HrlpNUNCDXE6lew root@ubuntu-bionic
[   14.436317] cloud-init[964]: The key's randomart image is:
[   14.437822] cloud-init[964]: +--[ED25519 256]--+
[   14.438873] cloud-init[964]: |          ...+B+.|
[   14.441043] cloud-init[964]: |           . o++ |
[   14.443647] cloud-init[964]: |          o o+.  |
[   14.445943] cloud-init[964]: |         ....ooE |
[   14.447876] cloud-init[964]: |        S. .o +..|
[   14.449806] cloud-init[964]: |        .  . = =o|
         Starting Snappy daemon...
[[0;32m  OK  [0m] Started Deferred execution scheduler.
         Starting LSB: automatic crash report generation...
[   14.458089] cloud-init[964]: |       . .+ +.o.B|         Starting Accounts Service...

[   14.471804] cloud-init[964]: |        +. O=+ +.|
[   14.476030] cloud-init[964]: |       ...+o=B*. |
[   14.479256] cloud-init[964]: +----[SHA256]-----+
         Starting Dispatcher daemon for systemd-networkd...
[[0;32m  OK  [0m] Started Regular background program processing daemon.
         Starting LXD - container startup/shutdown...
[[0;32m  OK  [0m] Started System Logging Service.
[[0;32m  OK  [0m] Started Availability of block devices.
[[0;32m  OK  [0m] Started Permit User Sessions.
[[0;32m  OK  [0m] Started Login Service.
         Starting Authorization Manager...
[[0;32m  OK  [0m] Started Unattended Upgrades Shutdown.
         Starting Terminate Plymouth Boot Screen...
         Starting Hold until boot process finishes up...
[[0;32m  OK  [0m] Started Hold until boot process finishes up.
         Starting Set console scheme...
[[0;32m  OK  [0m] Started Serial Getty on ttyS0.
[[0;32m  OK  [0m] Started Terminate Plymouth Boot Screen.
[[0;32m  OK  [0m] Started LXD - container startup/shutdown.
[[0;32m  OK  [0m] Started Set console scheme.
[[0;32m  OK  [0m] Started LSB: automatic crash report generation.
[[0;32m  OK  [0m] Created slice system-getty.slice.
[[0;32m  OK  [0m] Started Getty on tty1.
[[0;32m  OK  [0m] Reached target Login Prompts.
[[0;32m  OK  [0m] Started Authorization Manager.
[[0;32m  OK  [0m] Started Accounts Service.
[[0;32m  OK  [0m] Started Virtualbox guest utils.
[[0;32m  OK  [0m] Started LSB: Record successful boot for GRUB.
[[0;32m  OK  [0m] Started Dispatcher daemon for systemd-networkd.
[[0;32m  OK  [0m] Started Snappy daemon.
         Starting Wait until snapd is fully seeded...
[[0;32m  OK  [0m] Started Pollinate to seed the pseudo random number generator.
         Starting OpenBSD Secure Shell server...
[[0;32m  OK  [0m] Started OpenBSD Secure Shell server.
[[0;32m  OK  [0m] Created slice User Slice of vagrant.
         Starting User Manager for UID 1000...
[[0;32m  OK  [0m] Started Session 1 of user vagrant.
[[0;32m  OK  [0m] Started User Manager for UID 1000.
[[0;32m  OK  [0m] Started Wait until snapd is fully seeded.
         Starting Apply the settings specified in cloud-config...
[[0;32m  OK  [0m] Reached target Multi-User System.
[[0;32m  OK  [0m] Reached target Graphical Interface.
         Starting Update UTMP about System Runlevel Changes...
[[0;32m  OK  [0m] Started Update UTMP about System Runlevel Changes.
[   17.601827] cloud-init[1490]: Cloud-init v. 19.4-33-gbb4131a2-0ubuntu1~18.04.1 running 'modules:config' at Mon, 22 Jun 2020 21:09:12 +0000. Up 17.22 seconds.
[[0;32m  OK  [0m] Started Apply the settings specified in cloud-config.
         Starting Execute cloud user/final scripts...
ci-info: no authorized SSH keys fingerprints found for user ubuntu.
<14>Jun 22 21:09:13 ec2: 
<14>Jun 22 21:09:13 ec2: #############################################################
<14>Jun 22 21:09:13 ec2: -----BEGIN SSH HOST KEY FINGERPRINTS-----
<14>Jun 22 21:09:13 ec2: 1024 SHA256:JbYckJqAbqpzDOXocsDd1PhCSn33KYvcEiNaJicJfTc root@ubuntu-bionic (DSA)
<14>Jun 22 21:09:13 ec2: 256 SHA256:WehPU1iscaSgWWs2N68FHcuNuJ32dlTvk2UFcm5aJ6U root@ubuntu-bionic (ECDSA)
<14>Jun 22 21:09:13 ec2: 256 SHA256:NVEVuvassGevL/mrSVMqm6HGE3X9HrlpNUNCDXE6lew root@ubuntu-bionic (ED25519)
<14>Jun 22 21:09:13 ec2: 2048 SHA256:XtUEUOQ2q5w0hNrpIyw3NAT+7m2xgocPIjcm3FnvNiI root@ubuntu-bionic (RSA)
<14>Jun 22 21:09:13 ec2: -----END SSH HOST KEY FINGERPRINTS-----
<14>Jun 22 21:09:13 ec2: #############################################################
-----BEGIN SSH HOST KEY KEYS-----
ecdsa-sha2-nistp256 AAAAE2VjZHNhLXNoYTItbmlzdHAyNTYAAAAIbmlzdHAyNTYAAABBBDyOunyJbzJbxMIA6cYK8tWf0DmnC31MbvhPvqi7oILwCxTUMxmjhVgkbr29J6KjEwM/arqqCyP4i6U0dr8t+oY= root@ubuntu-bionic
ssh-ed25519 AAAAC3NzaC1lZDI1NTE5AAAAINjEWylt0DxZ2X7Y3T2Z2qLqodOY1FNfUe+nTpwO6DHm root@ubuntu-bionic
ssh-rsa AAAAB3NzaC1yc2EAAAADAQABAAABAQDwmyWgiLmy8/HmmItOghU35Lc2DCCjUdrMlIAUEhCwd+9/vlyr5d9+adRM19vHTOxq/qmK8W6Ca61QozMb1h5y3l9UjLqHe6n5KersBrp+oTF3AsXzqQuPW6OgaoJXVcUWZ0ozCkXbjZXAaPyO8V7+/I5ZLiBW/pTyyKSdx8hjwNTJJJGJvCaZK/oNv0TQ15NKyrfJOiCt1vOc9VDqyw0p/XA7r8AiGKTImIYfccjhUkma+2Xg6H3WbcKmX/c51EIzBRYT8mmJVureMDQZ5JllL2TMKN0iaA6uhTdwJu9ZwOAC0zLQYY7aASgrFlQcuaxber61SVvhUjChGVYB9mUR root@ubuntu-bionic
-----END SSH HOST KEY KEYS-----
[   18.189300] cloud-init[1596]: Cloud-init v. 19.4-33-gbb4131a2-0ubuntu1~18.04.1 running 'modules:final' at Mon, 22 Jun 2020 21:09:13 +0000. Up 18.02 seconds.
[   18.190946] cloud-init[1596]: ci-info: no authorized SSH keys fingerprints found for user ubuntu.
[   18.200655] cloud-init[1596]: Cloud-init v. 19.4-33-gbb4131a2-0ubuntu1~18.04.1 finished at Mon, 22 Jun 2020 21:09:13 +0000. Datasource DataSourceNoCloud [seed=/dev/sdb][dsmode=net].  Up 18.18 seconds
[[0;32m  OK  [0m] Started Execute cloud user/final scripts.
[[0;32m  OK  [0m] Reached target Cloud-init target.

Ubuntu 18.04.4 LTS ubuntu-bionic ttyS0

ubuntu-bionic login: 